<?xml version="1.0" encoding="UTF-8"?>
<testng-results skipped="0" failed="0" ignored="8" total="9" passed="1">
  <reporter-output>
    <line>
      <![CDATA[Extent Report DirectoryC:\Users\agaev\OneDrive\Desktop\SeleniumProject\SeleniumHtmlReport\CommonDeer\target\surefire-reports\html]]>
    </line>
  </reporter-output>
  <suite name="Automation Test" duration-ms="12022" started-at="2020-10-31T17:09:03Z" finished-at="2020-10-31T17:09:15Z">
    <groups>
      <group name="search">
        <method signature="HomePageTest.searchTest2()[pri:0, instance:com.commondeer.retailtest.HomePageTest@61a485d2]" name="searchTest2" class="com.commondeer.retailtest.HomePageTest"/>
      </group> <!-- search -->
    </groups>
    <test name="Commander" duration-ms="12022" started-at="2020-10-31T17:09:03Z" finished-at="2020-10-31T17:09:15Z">
      <class name="com.commondeer.retailtest.HomePageTest">
        <test-method status="PASS" signature="extentSetup(org.testng.ITestContext)[pri:0, instance:com.commondeer.retailtest.HomePageTest@61a485d2]" name="extentSetup" is-config="true" duration-ms="194" started-at="2020-10-31T12:09:03Z" finished-at="2020-10-31T12:09:03Z">
          <params>
            <param index="0">
              <value>
                <![CDATA[org.testng.TestRunner@336f1079]]>
              </value>
            </param>
          </params>
          <reporter-output>
            <line>
              <![CDATA[Extent Report DirectoryC:\Users\agaev\OneDrive\Desktop\SeleniumProject\SeleniumHtmlReport\CommonDeer\target\surefire-reports\html]]>
            </line>
          </reporter-output>
        </test-method> <!-- extentSetup -->
        <test-method status="PASS" signature="setUp(boolean, java.lang.String, java.lang.String, java.lang.String, java.lang.String, java.lang.String, java.lang.String)[pri:0, instance:com.commondeer.retailtest.HomePageTest@61a485d2]" name="setUp" is-config="true" duration-ms="8778" started-at="2020-10-31T12:09:03Z" finished-at="2020-10-31T12:09:12Z">
          <params>
            <param index="0">
              <value>
                <![CDATA[true]]>
              </value>
            </param>
            <param index="1">
              <value>
                <![CDATA[browserstack]]>
              </value>
            </param>
            <param index="2">
              <value>
                <![CDATA[Windows]]>
              </value>
            </param>
            <param index="3">
              <value>
                <![CDATA[10]]>
              </value>
            </param>
            <param index="4">
              <value>
                <![CDATA[Chrome]]>
              </value>
            </param>
            <param index="5">
              <value>
                <![CDATA[62.0]]>
              </value>
            </param>
            <param index="6">
              <value>
                <![CDATA[https://commondeer.com/]]>
              </value>
            </param>
          </params>
          <reporter-output>
          </reporter-output>
        </test-method> <!-- setUp -->
        <test-method status="PASS" signature="startExtent(java.lang.reflect.Method)[pri:0, instance:com.commondeer.retailtest.HomePageTest@61a485d2]" name="startExtent" is-config="true" duration-ms="10" started-at="2020-10-31T12:09:12Z" finished-at="2020-10-31T12:09:12Z">
          <params>
            <param index="0">
              <value>
                <![CDATA[public void com.commondeer.retailtest.HomePageTest.searchTest2()]]>
              </value>
            </param>
          </params>
          <reporter-output>
          </reporter-output>
        </test-method> <!-- startExtent -->
        <test-method status="PASS" signature="initializationOfElements()[pri:0, instance:com.commondeer.retailtest.HomePageTest@61a485d2]" name="initializationOfElements" is-config="true" duration-ms="69" started-at="2020-10-31T12:09:12Z" finished-at="2020-10-31T12:09:12Z">
          <reporter-output>
          </reporter-output>
        </test-method> <!-- initializationOfElements -->
        <test-method status="PASS" signature="searchTest2()[pri:0, instance:com.commondeer.retailtest.HomePageTest@61a485d2]" name="searchTest2" duration-ms="60" started-at="2020-10-31T12:09:12Z" finished-at="2020-10-31T12:09:12Z">
          <reporter-output>
          </reporter-output>
        </test-method> <!-- searchTest2 -->
        <test-method status="PASS" signature="afterEachTestMethod(org.testng.ITestResult)[pri:0, instance:com.commondeer.retailtest.HomePageTest@61a485d2]" name="afterEachTestMethod" is-config="true" duration-ms="3063" started-at="2020-10-31T12:09:12Z" finished-at="2020-10-31T12:09:15Z">
          <params>
            <param index="0">
              <value>
                <![CDATA[[TestResult name=searchTest2 status=SUCCESS method=HomePageTest.searchTest2()[pri:0, instance:com.commondeer.retailtest.HomePageTest@61a485d2] output={null}]]]>
              </value>
            </param>
          </params>
          <reporter-output>
          </reporter-output>
        </test-method> <!-- afterEachTestMethod -->
        <test-method status="PASS" signature="closeOut()[pri:0, instance:com.commondeer.retailtest.HomePageTest@61a485d2]" name="closeOut" is-config="true" duration-ms="1" started-at="2020-10-31T12:09:15Z" finished-at="2020-10-31T12:09:15Z">
          <reporter-output>
          </reporter-output>
        </test-method> <!-- closeOut -->
      </class> <!-- com.commondeer.retailtest.HomePageTest -->
    </test> <!-- Commander -->
  </suite> <!-- Automation Test -->
</testng-results>
