<?xml version="1.0" encoding="UTF-8"?>
<!-- Generated by org.testng.reporters.JUnitXMLReporter -->
<testsuite hostname="Ruslan" ignored="15" name="Commander" tests="17" failures="0" timestamp="31 Dec 2018 02:23:06 GMT" time="205.756" errors="0">
  <testcase name="invalidSignin" time="1.907" classname="com.commondeer.retailtest.LoginTest"/>
  <testcase name="invalidSignin" time="2.45" classname="com.commondeer.retailtest.LoginTest"/>
  <testcase name="invalidSignin" time="1.711" classname="com.commondeer.retailtest.LoginTest"/>
  <testcase name="invalidPromoCode" time="21.244" classname="com.commondeer.retailtest.CustomerInformationPageTest"/>
  <testcase name="invalidPromoCode" time="13.334" classname="com.commondeer.retailtest.CustomerInformationPageTest"/>
  <testcase name="invalidPromoCode" time="26.34" classname="com.commondeer.retailtest.CustomerInformationPageTest"/>
  <testcase name="invalidPromoCode" time="13.568" classname="com.commondeer.retailtest.CustomerInformationPageTest"/>
  <testcase name="countLiTest" time="0.233" classname="com.commondeer.retailtest.FootterPageTest"/>
  <testcase name="invalidSignin" time="2.145" classname="com.commondeer.retailtest.GoogleSheetForLogInTest"/>
  <testcase name="invalidSignin" time="2.763" classname="com.commondeer.retailtest.GoogleSheetForLogInTest"/>
  <testcase name="invalidSignin" time="2.71" classname="com.commondeer.retailtest.GoogleSheetForLogInTest"/>
  <testcase name="searchTest" time="2.597" classname="com.commondeer.retailtest.HomePageTest"/>
  <testcase name="dropDownSearchFuncTest" time="0.862" classname="com.commondeer.retailtest.HomePageTest"/>
  <testcase name="createNewAccountTest" time="2.305" classname="com.commondeer.retailtest.CreateAccountTest"/>
  <testcase name="sortByTest" time="3.765" classname="com.commondeer.retailtest.AllProductPageTest"/>
  <testcase name="selectItemToshoppingListTest" time="3.427" classname="com.commondeer.retailtest.AllProductPageTest"/>
  <testcase name="checkOutFuncTest" time="7.526" classname="com.commondeer.retailtest.ShoppingCardTest"/>
  <testcase name="@AfterSuite generateReport" time="0.0" classname="main.java.ForEveryClass">
    <ignored/>
  </testcase> <!-- @AfterSuite generateReport -->
  <testcase name="@AfterSuite generateReport" time="0.0" classname="main.java.ForEveryClass">
    <ignored/>
  </testcase> <!-- @AfterSuite generateReport -->
  <testcase name="@AfterSuite generateReport" time="0.0" classname="main.java.ForEveryClass">
    <ignored/>
  </testcase> <!-- @AfterSuite generateReport -->
  <testcase name="@AfterSuite generateReport" time="0.0" classname="main.java.ForEveryClass">
    <ignored/>
  </testcase> <!-- @AfterSuite generateReport -->
  <testcase name="@AfterSuite generateReport" time="0.0" classname="main.java.ForEveryClass">
    <ignored/>
  </testcase> <!-- @AfterSuite generateReport -->
  <testcase name="@AfterSuite generateReport" time="0.0" classname="main.java.ForEveryClass">
    <ignored/>
  </testcase> <!-- @AfterSuite generateReport -->
  <testcase name="@AfterSuite generateReport" time="0.0" classname="main.java.ForEveryClass">
    <ignored/>
  </testcase> <!-- @AfterSuite generateReport -->
  <testcase name="@BeforeSuite extentSetup" time="0.0" classname="main.java.ForEveryClass">
    <ignored/>
  </testcase> <!-- @BeforeSuite extentSetup -->
  <testcase name="@BeforeSuite extentSetup" time="0.0" classname="main.java.ForEveryClass">
    <ignored/>
  </testcase> <!-- @BeforeSuite extentSetup -->
  <testcase name="@BeforeSuite extentSetup" time="0.0" classname="main.java.ForEveryClass">
    <ignored/>
  </testcase> <!-- @BeforeSuite extentSetup -->
  <testcase name="@BeforeSuite extentSetup" time="0.0" classname="main.java.ForEveryClass">
    <ignored/>
  </testcase> <!-- @BeforeSuite extentSetup -->
  <testcase name="@BeforeSuite extentSetup" time="0.0" classname="main.java.ForEveryClass">
    <ignored/>
  </testcase> <!-- @BeforeSuite extentSetup -->
  <testcase name="@BeforeSuite extentSetup" time="0.0" classname="main.java.ForEveryClass">
    <ignored/>
  </testcase> <!-- @BeforeSuite extentSetup -->
  <testcase name="@BeforeSuite extentSetup" time="0.0" classname="main.java.ForEveryClass">
    <ignored/>
  </testcase> <!-- @BeforeSuite extentSetup -->
  <testcase name="invalidSigninByGoogleSheetApi" time="0.0" classname="com.commondeer.retailtest.GoogleSheetForLogInTest">
    <ignored/>
  </testcase> <!-- invalidSigninByGoogleSheetApi -->
</testsuite> <!-- Commander -->
