<?xml version="1.0" encoding="UTF-8"?>
<!-- Generated by org.testng.reporters.JUnitXMLReporter -->
<testsuite hostname="Ruslan" ignored="15" name="Commander" tests="17" failures="0" timestamp="31 Dec 2018 17:49:03 GMT" time="206.654" errors="0">
  <testcase name="invalidSignin" time="2.582" classname="com.commondeer.retailtest.LoginTest"/>
  <testcase name="invalidSignin" time="2.394" classname="com.commondeer.retailtest.LoginTest"/>
  <testcase name="invalidSignin" time="2.346" classname="com.commondeer.retailtest.LoginTest"/>
  <testcase name="invalidPromoCode" time="16.224" classname="com.commondeer.retailtest.CustomerInformationPageTest"/>
  <testcase name="invalidPromoCode" time="15.498" classname="com.commondeer.retailtest.CustomerInformationPageTest"/>
  <testcase name="invalidPromoCode" time="25.896" classname="com.commondeer.retailtest.CustomerInformationPageTest"/>
  <testcase name="invalidPromoCode" time="14.383" classname="com.commondeer.retailtest.CustomerInformationPageTest"/>
  <testcase name="countLiTest" time="0.222" classname="com.commondeer.retailtest.FootterPageTest"/>
  <testcase name="invalidSignin" time="1.987" classname="com.commondeer.retailtest.GoogleSheetForLogInTest"/>
  <testcase name="invalidSignin" time="2.212" classname="com.commondeer.retailtest.GoogleSheetForLogInTest"/>
  <testcase name="invalidSignin" time="2.843" classname="com.commondeer.retailtest.GoogleSheetForLogInTest"/>
  <testcase name="searchTest" time="2.511" classname="com.commondeer.retailtest.HomePageTest"/>
  <testcase name="dropDownSearchFuncTest" time="1.099" classname="com.commondeer.retailtest.HomePageTest"/>
  <testcase name="createNewAccountTest" time="3.006" classname="com.commondeer.retailtest.CreateAccountTest"/>
  <testcase name="sortByTest" time="2.131" classname="com.commondeer.retailtest.AllProductPageTest"/>
  <testcase name="selectItemToshoppingListTest" time="3.622" classname="com.commondeer.retailtest.AllProductPageTest"/>
  <testcase name="checkOutFuncTest" time="8.91" classname="com.commondeer.retailtest.ShoppingCardTest"/>
  <testcase name="@AfterSuite generateReport" time="0.0" classname="main.java.ForEveryClass">
    <ignored/>
  </testcase> <!-- @AfterSuite generateReport -->
  <testcase name="@AfterSuite generateReport" time="0.0" classname="main.java.ForEveryClass">
    <ignored/>
  </testcase> <!-- @AfterSuite generateReport -->
  <testcase name="@AfterSuite generateReport" time="0.0" classname="main.java.ForEveryClass">
    <ignored/>
  </testcase> <!-- @AfterSuite generateReport -->
  <testcase name="@AfterSuite generateReport" time="0.0" classname="main.java.ForEveryClass">
    <ignored/>
  </testcase> <!-- @AfterSuite generateReport -->
  <testcase name="@AfterSuite generateReport" time="0.0" classname="main.java.ForEveryClass">
    <ignored/>
  </testcase> <!-- @AfterSuite generateReport -->
  <testcase name="@AfterSuite generateReport" time="0.0" classname="main.java.ForEveryClass">
    <ignored/>
  </testcase> <!-- @AfterSuite generateReport -->
  <testcase name="@AfterSuite generateReport" time="0.0" classname="main.java.ForEveryClass">
    <ignored/>
  </testcase> <!-- @AfterSuite generateReport -->
  <testcase name="@BeforeSuite extentSetup" time="0.0" classname="main.java.ForEveryClass">
    <ignored/>
  </testcase> <!-- @BeforeSuite extentSetup -->
  <testcase name="@BeforeSuite extentSetup" time="0.0" classname="main.java.ForEveryClass">
    <ignored/>
  </testcase> <!-- @BeforeSuite extentSetup -->
  <testcase name="@BeforeSuite extentSetup" time="0.0" classname="main.java.ForEveryClass">
    <ignored/>
  </testcase> <!-- @BeforeSuite extentSetup -->
  <testcase name="@BeforeSuite extentSetup" time="0.0" classname="main.java.ForEveryClass">
    <ignored/>
  </testcase> <!-- @BeforeSuite extentSetup -->
  <testcase name="@BeforeSuite extentSetup" time="0.0" classname="main.java.ForEveryClass">
    <ignored/>
  </testcase> <!-- @BeforeSuite extentSetup -->
  <testcase name="@BeforeSuite extentSetup" time="0.0" classname="main.java.ForEveryClass">
    <ignored/>
  </testcase> <!-- @BeforeSuite extentSetup -->
  <testcase name="@BeforeSuite extentSetup" time="0.0" classname="main.java.ForEveryClass">
    <ignored/>
  </testcase> <!-- @BeforeSuite extentSetup -->
  <testcase name="invalidSigninByGoogleSheetApi" time="0.0" classname="com.commondeer.retailtest.GoogleSheetForLogInTest">
    <ignored/>
  </testcase> <!-- invalidSigninByGoogleSheetApi -->
</testsuite> <!-- Commander -->
