<?xml version="1.0" encoding="UTF-8"?>
<!-- Generated by org.testng.reporters.JUnitXMLReporter -->
<testsuite hostname="Ruslan" ignored="8" name="Commander" tests="1" failures="0" timestamp="31 Oct 2020 17:09:15 GMT" time="12.022" errors="0">
  <testcase name="searchTest2" time="0.06" classname="com.commondeer.retailtest.HomePageTest"/>
  <testcase name="searchPageTest" time="0.0" classname="com.commondeer.retailtest.HomePageTest">
    <ignored/>
  </testcase> <!-- searchPageTest -->
  <testcase name="searchTest" time="0.0" classname="com.commondeer.retailtest.HomePageTest">
    <ignored/>
  </testcase> <!-- searchTest -->
  <testcase name="slidePictutesTest" time="0.0" classname="com.commondeer.retailtest.HomePageTest">
    <ignored/>
  </testcase> <!-- slidePictutesTest -->
  <testcase name="clickOnNewlyOnlineTest" time="0.0" classname="com.commondeer.retailtest.HomePageTest">
    <ignored/>
  </testcase> <!-- clickOnNewlyOnlineTest -->
  <testcase name="changePageTest" time="0.0" classname="com.commondeer.retailtest.HomePageTest">
    <ignored/>
  </testcase> <!-- changePageTest -->
  <testcase name="searchTest3" time="0.0" classname="com.commondeer.retailtest.HomePageTest">
    <ignored/>
  </testcase> <!-- searchTest3 -->
  <testcase name="goToAccessoriesNHatsTest" time="0.0" classname="com.commondeer.retailtest.HomePageTest">
    <ignored/>
  </testcase> <!-- goToAccessoriesNHatsTest -->
  <testcase name="dropDownSearchFuncTest" time="0.0" classname="com.commondeer.retailtest.HomePageTest">
    <ignored/>
  </testcase> <!-- dropDownSearchFuncTest -->
</testsuite> <!-- Commander -->
