<?xml version="1.0" encoding="UTF-8"?>
<testsuite xmlns:xsi="http://www.w3.org/2001/XMLSchema-instance" xsi:noNamespaceSchemaLocation="https://maven.apache.org/surefire/maven-surefire-plugin/xsd/surefire-test-report.xsd" name="TestSuite" time="206.85" tests="17" errors="0" skipped="0" failures="0">
  <properties>
[...]
</properties>
  <testcase name="invalidSignin" classname="com.commondeer.retailtest.LoginTest" time="1.907"/>
  <testcase name="invalidSignin" classname="com.commondeer.retailtest.LoginTest" time="2.45"/>
  <testcase name="invalidSignin" classname="com.commondeer.retailtest.LoginTest" time="1.711"/>
  <testcase name="invalidPromoCode" classname="com.commondeer.retailtest.CustomerInformationPageTest" time="21.246"/>
  <testcase name="invalidPromoCode" classname="com.commondeer.retailtest.CustomerInformationPageTest" time="13.338"/>
  <testcase name="invalidPromoCode" classname="com.commondeer.retailtest.CustomerInformationPageTest" time="26.345"/>
  <testcase name="invalidPromoCode" classname="com.commondeer.retailtest.CustomerInformationPageTest" time="13.573"/>
  <testcase name="countLiTest" classname="com.commondeer.retailtest.FootterPageTest" time="0.233"/>
  <testcase name="invalidSignin" classname="com.commondeer.retailtest.GoogleSheetForLogInTest" time="2.146"/>
  <testcase name="invalidSignin" classname="com.commondeer.retailtest.GoogleSheetForLogInTest" time="2.763"/>
  <testcase name="invalidSignin" classname="com.commondeer.retailtest.GoogleSheetForLogInTest" time="2.712"/>
  <testcase name="searchTest" classname="com.commondeer.retailtest.HomePageTest" time="2.596"/>
  <testcase name="dropDownSearchFuncTest" classname="com.commondeer.retailtest.HomePageTest" time="0.864"/>
  <testcase name="createNewAccountTest" classname="com.commondeer.retailtest.CreateAccountTest" time="2.305"/>
  <testcase name="sortByTest" classname="com.commondeer.retailtest.AllProductPageTest" time="3.766"/>
  <testcase name="selectItemToshoppingListTest" classname="com.commondeer.retailtest.AllProductPageTest" time="3.431"/>
  <testcase name="checkOutFuncTest" classname="com.commondeer.retailtest.ShoppingCardTest" time="7.526"/>
</testsuite>